c:\users\sq149\source\repos\week4_inclassexercise\week4_inclassexercise\x64\debug\vc143.pdb
c:\users\sq149\source\repos\week4_inclassexercise\week4_inclassexercise\x64\debug\vc143.idb
c:\users\sq149\source\repos\week4_inclassexercise\week4_inclassexercise\x64\debug\exercise1.obj
c:\users\sq149\source\repos\week4_inclassexercise\week4_inclassexercise\x64\debug\math.obj
c:\users\sq149\source\repos\week4_inclassexercise\week4_inclassexercise\x64\debug\main.obj
c:\users\sq149\source\repos\week4_inclassexercise\week4_inclassexercise\x64\debug\week4_inclassexercise.ilk
c:\users\sq149\source\repos\week4_inclassexercise\x64\debug\week4_inclassexercise.pdb
c:\users\sq149\source\repos\week4_inclassexercise\week4_inclassexercise\x64\debug\week4_in.8470daf6.tlog\cl.command.1.tlog
c:\users\sq149\source\repos\week4_inclassexercise\week4_inclassexercise\x64\debug\week4_in.8470daf6.tlog\cl.items.tlog
c:\users\sq149\source\repos\week4_inclassexercise\week4_inclassexercise\x64\debug\week4_in.8470daf6.tlog\cl.read.1.tlog
c:\users\sq149\source\repos\week4_inclassexercise\week4_inclassexercise\x64\debug\week4_in.8470daf6.tlog\cl.write.1.tlog
c:\users\sq149\source\repos\week4_inclassexercise\week4_inclassexercise\x64\debug\week4_in.8470daf6.tlog\link.4904-cvtres.read.1.tlog
c:\users\sq149\source\repos\week4_inclassexercise\week4_inclassexercise\x64\debug\week4_in.8470daf6.tlog\link.4904-cvtres.write.1.tlog
c:\users\sq149\source\repos\week4_inclassexercise\week4_inclassexercise\x64\debug\week4_in.8470daf6.tlog\link.4904-rc.read.1.tlog
c:\users\sq149\source\repos\week4_inclassexercise\week4_inclassexercise\x64\debug\week4_in.8470daf6.tlog\link.4904-rc.write.1.tlog
c:\users\sq149\source\repos\week4_inclassexercise\week4_inclassexercise\x64\debug\week4_in.8470daf6.tlog\link.4904.read.1.tlog
c:\users\sq149\source\repos\week4_inclassexercise\week4_inclassexercise\x64\debug\week4_in.8470daf6.tlog\link.4904.read.2.tlog
c:\users\sq149\source\repos\week4_inclassexercise\week4_inclassexercise\x64\debug\week4_in.8470daf6.tlog\link.4904.write.1.tlog
c:\users\sq149\source\repos\week4_inclassexercise\week4_inclassexercise\x64\debug\week4_in.8470daf6.tlog\link.command.1.tlog
c:\users\sq149\source\repos\week4_inclassexercise\week4_inclassexercise\x64\debug\week4_in.8470daf6.tlog\link.read.1.tlog
c:\users\sq149\source\repos\week4_inclassexercise\week4_inclassexercise\x64\debug\week4_in.8470daf6.tlog\link.secondary.1.tlog
c:\users\sq149\source\repos\week4_inclassexercise\week4_inclassexercise\x64\debug\week4_in.8470daf6.tlog\link.write.1.tlog
